<?xml version="1.0" encoding="UTF-8"?>
<robot generator="Robot 4.0.2 (Python 3.9.1 on win32)" generated="20210530 21:12:43.099" rpa="false" schemaversion="2">
<suite id="s1" name="Suites">
<suite id="s1-s1" name="DropdownListbox" source="C:\Users\40006197\PycharmProjects\robot\TestCases\DropdownListbox.robot">
<test id="s1-s1-t1" name="Verify dropdown">
<kw name="Open Browser" library="SeleniumLibrary">
<arg>http://www.practiceselenium.com/practice-form.html</arg>
<arg>chrome</arg>
<doc>Opens a new browser instance to the optional ``url``.</doc>
<msg timestamp="20210530 21:12:43.497" level="INFO">Opening browser 'chrome' to base url 'http://www.practiceselenium.com/practice-form.html'.</msg>
<status status="PASS" starttime="20210530 21:12:43.497" endtime="20210530 21:12:53.517"/>
</kw>
<kw name="Maximize Browser Window" library="SeleniumLibrary">
<doc>Maximizes current browser window.</doc>
<kw name="Capture Page Screenshot" library="SeleniumLibrary">
<doc>Takes a screenshot of the current page and embeds it into a log file.</doc>
<msg timestamp="20210530 21:12:53.542" level="FAIL">NoSuchWindowException: Message: no such window: target window already closed
from unknown error: web view not found
  (Session info: chrome=91.0.4472.77)
</msg>
<status status="FAIL" starttime="20210530 21:12:53.522" endtime="20210530 21:12:53.542"/>
</kw>
<msg timestamp="20210530 21:12:53.543" level="WARN">Keyword 'Capture Page Screenshot' could not be run on failure: NoSuchWindowException: Message: no such window: target window already closed
from unknown error: web view not found
  (Session info: chrome=91.0.4472.77)
</msg>
<msg timestamp="20210530 21:12:53.547" level="FAIL">NoSuchWindowException: Message: no such window: target window already closed
from unknown error: web view not found
  (Session info: chrome=91.0.4472.77)
</msg>
<status status="FAIL" starttime="20210530 21:12:53.518" endtime="20210530 21:12:53.548"/>
</kw>
<kw name="Select From List By Label" library="SeleniumLibrary">
<arg>continents</arg>
<arg>USA</arg>
<doc>Selects options from selection list ``locator`` by ``labels``.</doc>
<status status="NOT RUN" starttime="20210530 21:12:53.548" endtime="20210530 21:12:53.549"/>
</kw>
<kw name="Select From List By Index" library="SeleniumLibrary">
<arg>continents</arg>
<arg>5</arg>
<doc>Selects options from selection list ``locator`` by ``indexes``.</doc>
<status status="NOT RUN" starttime="20210530 21:12:53.549" endtime="20210530 21:12:53.549"/>
</kw>
<kw name="Select From List By Label" library="SeleniumLibrary">
<arg>selenium_commands</arg>
<arg>Browser Commands</arg>
<doc>Selects options from selection list ``locator`` by ``labels``.</doc>
<status status="NOT RUN" starttime="20210530 21:12:53.549" endtime="20210530 21:12:53.549"/>
</kw>
<kw name="Select From List By Index" library="SeleniumLibrary">
<arg>selenium_commands</arg>
<arg>3</arg>
<doc>Selects options from selection list ``locator`` by ``indexes``.</doc>
<status status="NOT RUN" starttime="20210530 21:12:53.550" endtime="20210530 21:12:53.550"/>
</kw>
<status status="FAIL" starttime="20210530 21:12:43.496" endtime="20210530 21:12:53.550">NoSuchWindowException: Message: no such window: target window already closed
from unknown error: web view not found
  (Session info: chrome=91.0.4472.77)
</status>
</test>
<status status="FAIL" starttime="20210530 21:12:43.130" endtime="20210530 21:12:53.748"/>
</suite>
<status status="FAIL" starttime="20210530 21:12:43.102" endtime="20210530 21:12:53.751"/>
</suite>
<statistics>
<total>
<stat pass="0" fail="1" skip="0">All Tests</stat>
</total>
<tag>
</tag>
<suite>
<stat pass="0" fail="1" skip="0" id="s1" name="Suites">Suites</stat>
<stat pass="0" fail="1" skip="0" id="s1-s1" name="DropdownListbox">Suites.DropdownListbox</stat>
</suite>
</statistics>
<errors>
<msg timestamp="20210530 21:12:53.543" level="WARN">Keyword 'Capture Page Screenshot' could not be run on failure: NoSuchWindowException: Message: no such window: target window already closed
from unknown error: web view not found
  (Session info: chrome=91.0.4472.77)
</msg>
</errors>
</robot>
