<?xml version="1.0" encoding="UTF-8"?>
<robot generator="Robot 4.0.2 (Python 3.9.1 on win32)" generated="20210530 21:12:47.089" rpa="false" schemaversion="2">
<suite id="s1" name="Suites">
<suite id="s1-s1" name="ForLoop" source="C:\Users\40006197\PycharmProjects\robot\TestCases\ForLoop.robot">
<test id="s1-s1-t1" name="Forloop1">
<for flavor="IN RANGE">
<var>${i}</var>
<value>1</value>
<value>10</value>
<iter>
<var name="${i}">1</var>
<kw name="Log To Console" library="BuiltIn">
<arg>${i}</arg>
<doc>Logs the given message to the console.</doc>
<status status="PASS" starttime="20210530 21:12:47.130" endtime="20210530 21:12:47.130"/>
</kw>
<status status="PASS" starttime="20210530 21:12:47.130" endtime="20210530 21:12:47.130"/>
</iter>
<iter>
<var name="${i}">2</var>
<kw name="Log To Console" library="BuiltIn">
<arg>${i}</arg>
<doc>Logs the given message to the console.</doc>
<status status="PASS" starttime="20210530 21:12:47.130" endtime="20210530 21:12:47.131"/>
</kw>
<status status="PASS" starttime="20210530 21:12:47.130" endtime="20210530 21:12:47.131"/>
</iter>
<iter>
<var name="${i}">3</var>
<kw name="Log To Console" library="BuiltIn">
<arg>${i}</arg>
<doc>Logs the given message to the console.</doc>
<status status="PASS" starttime="20210530 21:12:47.131" endtime="20210530 21:12:47.131"/>
</kw>
<status status="PASS" starttime="20210530 21:12:47.131" endtime="20210530 21:12:47.131"/>
</iter>
<iter>
<var name="${i}">4</var>
<kw name="Log To Console" library="BuiltIn">
<arg>${i}</arg>
<doc>Logs the given message to the console.</doc>
<status status="PASS" starttime="20210530 21:12:47.131" endtime="20210530 21:12:47.132"/>
</kw>
<status status="PASS" starttime="20210530 21:12:47.131" endtime="20210530 21:12:47.132"/>
</iter>
<iter>
<var name="${i}">5</var>
<kw name="Log To Console" library="BuiltIn">
<arg>${i}</arg>
<doc>Logs the given message to the console.</doc>
<status status="PASS" starttime="20210530 21:12:47.132" endtime="20210530 21:12:47.132"/>
</kw>
<status status="PASS" starttime="20210530 21:12:47.132" endtime="20210530 21:12:47.132"/>
</iter>
<iter>
<var name="${i}">6</var>
<kw name="Log To Console" library="BuiltIn">
<arg>${i}</arg>
<doc>Logs the given message to the console.</doc>
<status status="PASS" starttime="20210530 21:12:47.132" endtime="20210530 21:12:47.132"/>
</kw>
<status status="PASS" starttime="20210530 21:12:47.132" endtime="20210530 21:12:47.132"/>
</iter>
<iter>
<var name="${i}">7</var>
<kw name="Log To Console" library="BuiltIn">
<arg>${i}</arg>
<doc>Logs the given message to the console.</doc>
<status status="PASS" starttime="20210530 21:12:47.133" endtime="20210530 21:12:47.133"/>
</kw>
<status status="PASS" starttime="20210530 21:12:47.132" endtime="20210530 21:12:47.133"/>
</iter>
<iter>
<var name="${i}">8</var>
<kw name="Log To Console" library="BuiltIn">
<arg>${i}</arg>
<doc>Logs the given message to the console.</doc>
<status status="PASS" starttime="20210530 21:12:47.133" endtime="20210530 21:12:47.133"/>
</kw>
<status status="PASS" starttime="20210530 21:12:47.133" endtime="20210530 21:12:47.133"/>
</iter>
<iter>
<var name="${i}">9</var>
<kw name="Log To Console" library="BuiltIn">
<arg>${i}</arg>
<doc>Logs the given message to the console.</doc>
<status status="PASS" starttime="20210530 21:12:47.133" endtime="20210530 21:12:47.134"/>
</kw>
<status status="PASS" starttime="20210530 21:12:47.133" endtime="20210530 21:12:47.134"/>
</iter>
<status status="PASS" starttime="20210530 21:12:47.129" endtime="20210530 21:12:47.134"/>
</for>
<status status="PASS" starttime="20210530 21:12:47.129" endtime="20210530 21:12:47.134"/>
</test>
<test id="s1-s1-t2" name="Forloop2">
<for flavor="IN">
<var>${i}</var>
<value>1</value>
<value>2</value>
<value>3</value>
<value>4</value>
<value>5</value>
<value>6</value>
<value>7</value>
<value>8</value>
<iter>
<var name="${i}">1</var>
<kw name="Log To Console" library="BuiltIn">
<arg>${i}</arg>
<doc>Logs the given message to the console.</doc>
<status status="PASS" starttime="20210530 21:12:47.157" endtime="20210530 21:12:47.157"/>
</kw>
<kw name="Exit For Loop If" library="BuiltIn">
<arg>${i}==1</arg>
<doc>Stops executing the enclosing for loop if the ``condition`` is true.</doc>
<msg timestamp="20210530 21:12:47.158" level="INFO">Exiting for loop altogether.</msg>
<status status="PASS" starttime="20210530 21:12:47.158" endtime="20210530 21:12:47.158"/>
</kw>
<status status="PASS" starttime="20210530 21:12:47.157" endtime="20210530 21:12:47.158"/>
</iter>
<status status="PASS" starttime="20210530 21:12:47.156" endtime="20210530 21:12:47.158"/>
</for>
<status status="PASS" starttime="20210530 21:12:47.134" endtime="20210530 21:12:47.159"/>
</test>
<test id="s1-s1-t3" name="Forloop3">
<kw name="Create List" library="BuiltIn">
<var>${list}</var>
<arg>1</arg>
<arg>2</arg>
<arg>3</arg>
<arg>4</arg>
<doc>Returns a list containing given items.</doc>
<msg timestamp="20210530 21:12:47.159" level="INFO">${list} = ['1', '2', '3', '4']</msg>
<status status="PASS" starttime="20210530 21:12:47.159" endtime="20210530 21:12:47.159"/>
</kw>
<for flavor="IN">
<var>${i}</var>
<value>${list}</value>
<iter>
<var name="${i}">['1', '2', '3', '4']</var>
<kw name="Log To Console" library="BuiltIn">
<arg>${i}</arg>
<doc>Logs the given message to the console.</doc>
<status status="PASS" starttime="20210530 21:12:47.160" endtime="20210530 21:12:47.160"/>
</kw>
<kw name="Exit For Loop If" library="BuiltIn">
<arg>${i}==1</arg>
<doc>Stops executing the enclosing for loop if the ``condition`` is true.</doc>
<status status="PASS" starttime="20210530 21:12:47.160" endtime="20210530 21:12:47.160"/>
</kw>
<status status="PASS" starttime="20210530 21:12:47.160" endtime="20210530 21:12:47.160"/>
</iter>
<status status="PASS" starttime="20210530 21:12:47.160" endtime="20210530 21:12:47.160"/>
</for>
<status status="PASS" starttime="20210530 21:12:47.159" endtime="20210530 21:12:47.160"/>
</test>
<test id="s1-s1-t4" name="Forloop4">
<for flavor="IN RANGE">
<var>${i}</var>
<value>1</value>
<value>5</value>
<iter>
<var name="${i}">1</var>
<for flavor="IN RANGE">
<var>${j}</var>
<value>1</value>
<value>3</value>
<iter>
<var name="${j}">1</var>
<kw name="Log To Console" library="BuiltIn">
<arg>${i}</arg>
<doc>Logs the given message to the console.</doc>
<status status="PASS" starttime="20210530 21:12:47.161" endtime="20210530 21:12:47.162"/>
</kw>
<status status="PASS" starttime="20210530 21:12:47.161" endtime="20210530 21:12:47.162"/>
</iter>
<iter>
<var name="${j}">2</var>
<kw name="Log To Console" library="BuiltIn">
<arg>${i}</arg>
<doc>Logs the given message to the console.</doc>
<status status="PASS" starttime="20210530 21:12:47.162" endtime="20210530 21:12:47.162"/>
</kw>
<status status="PASS" starttime="20210530 21:12:47.162" endtime="20210530 21:12:47.162"/>
</iter>
<status status="PASS" starttime="20210530 21:12:47.161" endtime="20210530 21:12:47.162"/>
</for>
<status status="PASS" starttime="20210530 21:12:47.161" endtime="20210530 21:12:47.162"/>
</iter>
<iter>
<var name="${i}">2</var>
<for flavor="IN RANGE">
<var>${j}</var>
<value>1</value>
<value>3</value>
<iter>
<var name="${j}">1</var>
<kw name="Log To Console" library="BuiltIn">
<arg>${i}</arg>
<doc>Logs the given message to the console.</doc>
<status status="PASS" starttime="20210530 21:12:47.163" endtime="20210530 21:12:47.163"/>
</kw>
<status status="PASS" starttime="20210530 21:12:47.163" endtime="20210530 21:12:47.163"/>
</iter>
<iter>
<var name="${j}">2</var>
<kw name="Log To Console" library="BuiltIn">
<arg>${i}</arg>
<doc>Logs the given message to the console.</doc>
<status status="PASS" starttime="20210530 21:12:47.163" endtime="20210530 21:12:47.163"/>
</kw>
<status status="PASS" starttime="20210530 21:12:47.163" endtime="20210530 21:12:47.163"/>
</iter>
<status status="PASS" starttime="20210530 21:12:47.163" endtime="20210530 21:12:47.163"/>
</for>
<status status="PASS" starttime="20210530 21:12:47.162" endtime="20210530 21:12:47.163"/>
</iter>
<iter>
<var name="${i}">3</var>
<for flavor="IN RANGE">
<var>${j}</var>
<value>1</value>
<value>3</value>
<iter>
<var name="${j}">1</var>
<kw name="Log To Console" library="BuiltIn">
<arg>${i}</arg>
<doc>Logs the given message to the console.</doc>
<status status="PASS" starttime="20210530 21:12:47.164" endtime="20210530 21:12:47.164"/>
</kw>
<status status="PASS" starttime="20210530 21:12:47.164" endtime="20210530 21:12:47.164"/>
</iter>
<iter>
<var name="${j}">2</var>
<kw name="Log To Console" library="BuiltIn">
<arg>${i}</arg>
<doc>Logs the given message to the console.</doc>
<status status="PASS" starttime="20210530 21:12:47.164" endtime="20210530 21:12:47.165"/>
</kw>
<status status="PASS" starttime="20210530 21:12:47.164" endtime="20210530 21:12:47.165"/>
</iter>
<status status="PASS" starttime="20210530 21:12:47.164" endtime="20210530 21:12:47.165"/>
</for>
<status status="PASS" starttime="20210530 21:12:47.164" endtime="20210530 21:12:47.165"/>
</iter>
<iter>
<var name="${i}">4</var>
<for flavor="IN RANGE">
<var>${j}</var>
<value>1</value>
<value>3</value>
<iter>
<var name="${j}">1</var>
<kw name="Log To Console" library="BuiltIn">
<arg>${i}</arg>
<doc>Logs the given message to the console.</doc>
<status status="PASS" starttime="20210530 21:12:47.165" endtime="20210530 21:12:47.165"/>
</kw>
<status status="PASS" starttime="20210530 21:12:47.165" endtime="20210530 21:12:47.165"/>
</iter>
<iter>
<var name="${j}">2</var>
<kw name="Log To Console" library="BuiltIn">
<arg>${i}</arg>
<doc>Logs the given message to the console.</doc>
<status status="PASS" starttime="20210530 21:12:47.165" endtime="20210530 21:12:47.166"/>
</kw>
<status status="PASS" starttime="20210530 21:12:47.165" endtime="20210530 21:12:47.166"/>
</iter>
<status status="PASS" starttime="20210530 21:12:47.165" endtime="20210530 21:12:47.166"/>
</for>
<status status="PASS" starttime="20210530 21:12:47.165" endtime="20210530 21:12:47.166"/>
</iter>
<status status="PASS" starttime="20210530 21:12:47.161" endtime="20210530 21:12:47.166"/>
</for>
<status status="PASS" starttime="20210530 21:12:47.161" endtime="20210530 21:12:47.166"/>
</test>
<status status="PASS" starttime="20210530 21:12:47.127" endtime="20210530 21:12:47.167"/>
</suite>
<status status="PASS" starttime="20210530 21:12:47.092" endtime="20210530 21:12:47.168"/>
</suite>
<statistics>
<total>
<stat pass="4" fail="0" skip="0">All Tests</stat>
</total>
<tag>
</tag>
<suite>
<stat pass="4" fail="0" skip="0" id="s1" name="Suites">Suites</stat>
<stat pass="4" fail="0" skip="0" id="s1-s1" name="ForLoop">Suites.ForLoop</stat>
</suite>
</statistics>
<errors>
</errors>
</robot>
