<?xml version="1.0" encoding="UTF-8"?>
<robot generator="Robot 4.0.2 (Python 3.9.1 on win32)" generated="20210520 20:18:12.117" rpa="false" schemaversion="2">
<suite id="s1" name="TC1" source="C:\Users\40006197\PycharmProjects\robot\TestCases\TC1.robot">
<test id="s1-t1" name="LoginTest">
<kw name="Open Browser" library="SeleniumLibrary">
<arg>https://demo.nopcommerce.com/</arg>
<arg>Chrome</arg>
<doc>Opens a new browser instance to the optional ``url``.</doc>
<msg timestamp="20210520 20:18:12.349" level="INFO">Opening browser 'Chrome' to base url 'https://demo.nopcommerce.com/'.</msg>
<status status="PASS" starttime="20210520 20:18:12.348" endtime="20210520 20:18:21.817"/>
</kw>
<kw name="Click Link" library="SeleniumLibrary">
<arg>xpath://a[@class='ico-login']</arg>
<doc>Clicks a link identified by ``locator``.</doc>
<msg timestamp="20210520 20:18:21.818" level="INFO">Clicking link 'xpath://a[@class='ico-login']'.</msg>
<status status="PASS" starttime="20210520 20:18:21.818" endtime="20210520 20:18:24.900"/>
</kw>
<kw name="Input Text" library="SeleniumLibrary">
<arg>id:Email</arg>
<arg>pavanLtraining@gmail.com</arg>
<doc>Types the given ``text`` into the text field identified by ``locator``.</doc>
<msg timestamp="20210520 20:18:24.900" level="INFO">Typing text 'pavanLtraining@gmail.com' into text field 'id:Email'.</msg>
<status status="PASS" starttime="20210520 20:18:24.900" endtime="20210520 20:18:25.020"/>
</kw>
<kw name="Input Text" library="SeleniumLibrary">
<arg>id:Password</arg>
<arg>Test@123</arg>
<doc>Types the given ``text`` into the text field identified by ``locator``.</doc>
<msg timestamp="20210520 20:18:25.020" level="INFO">Typing text 'Test@123' into text field 'id:Password'.</msg>
<status status="PASS" starttime="20210520 20:18:25.020" endtime="20210520 20:18:25.122"/>
</kw>
<kw name="Click Element" library="SeleniumLibrary">
<arg>xpath://button[@class='button-1 login-button']</arg>
<doc>Click the element identified by ``locator``.</doc>
<msg timestamp="20210520 20:18:25.123" level="INFO">Clicking element 'xpath://button[@class='button-1 login-button']'.</msg>
<status status="PASS" starttime="20210520 20:18:25.122" endtime="20210520 20:18:27.397"/>
</kw>
<kw name="Close Browser" library="SeleniumLibrary">
<doc>Closes the current browser.</doc>
<status status="PASS" starttime="20210520 20:18:27.398" endtime="20210520 20:18:30.311"/>
</kw>
<status status="PASS" starttime="20210520 20:18:12.348" endtime="20210520 20:18:30.312"/>
</test>
<status status="PASS" starttime="20210520 20:18:12.119" endtime="20210520 20:18:30.313"/>
</suite>
<statistics>
<total>
<stat pass="1" fail="0" skip="0">All Tests</stat>
</total>
<tag>
</tag>
<suite>
<stat pass="1" fail="0" skip="0" id="s1" name="TC1">TC1</stat>
</suite>
</statistics>
<errors>
</errors>
</robot>
