<?xml version="1.0" encoding="UTF-8"?>
<robot generator="Robot 4.0.2 (Python 3.9.1 on win32)" generated="20210530 21:13:18.966" rpa="false" schemaversion="2">
<suite id="s1" name="Suites">
<suite id="s1-s1" name="SetupTerdown" source="C:\Users\40006197\PycharmProjects\robot\TestCases\SetupTerdown.robot">
<kw name="Log To Console" library="BuiltIn" type="SETUP">
<arg>Opening browser</arg>
<doc>Logs the given message to the console.</doc>
<status status="PASS" starttime="20210530 21:13:18.998" endtime="20210530 21:13:18.998"/>
</kw>
<test id="s1-s1-t1" name="TC1">
<kw name="Log To Console" library="BuiltIn" type="SETUP">
<arg>Login to application</arg>
<doc>Logs the given message to the console.</doc>
<status status="PASS" starttime="20210530 21:13:18.999" endtime="20210530 21:13:18.999"/>
</kw>
<kw name="Log To Console" library="BuiltIn">
<arg>This is TC1</arg>
<doc>Logs the given message to the console.</doc>
<status status="PASS" starttime="20210530 21:13:18.999" endtime="20210530 21:13:18.999"/>
</kw>
<kw name="Log To Console" library="BuiltIn" type="TEARDOWN">
<arg>Logout to application</arg>
<doc>Logs the given message to the console.</doc>
<status status="PASS" starttime="20210530 21:13:18.999" endtime="20210530 21:13:19.000"/>
</kw>
<status status="PASS" starttime="20210530 21:13:18.998" endtime="20210530 21:13:19.000"/>
</test>
<test id="s1-s1-t2" name="TC2">
<kw name="Log To Console" library="BuiltIn" type="SETUP">
<arg>Login to application</arg>
<doc>Logs the given message to the console.</doc>
<status status="PASS" starttime="20210530 21:13:19.130" endtime="20210530 21:13:19.130"/>
</kw>
<kw name="Log To Console" library="BuiltIn">
<arg>This is TC2</arg>
<doc>Logs the given message to the console.</doc>
<status status="PASS" starttime="20210530 21:13:19.131" endtime="20210530 21:13:19.131"/>
</kw>
<kw name="Log To Console" library="BuiltIn" type="TEARDOWN">
<arg>Logout to application</arg>
<doc>Logs the given message to the console.</doc>
<status status="PASS" starttime="20210530 21:13:19.131" endtime="20210530 21:13:19.131"/>
</kw>
<status status="PASS" starttime="20210530 21:13:19.130" endtime="20210530 21:13:19.131"/>
</test>
<kw name="Log To Console" library="BuiltIn" type="TEARDOWN">
<arg>Closing browser</arg>
<doc>Logs the given message to the console.</doc>
<status status="PASS" starttime="20210530 21:13:19.132" endtime="20210530 21:13:19.132"/>
</kw>
<status status="PASS" starttime="20210530 21:13:18.995" endtime="20210530 21:13:19.132"/>
</suite>
<status status="PASS" starttime="20210530 21:13:18.968" endtime="20210530 21:13:19.133"/>
</suite>
<statistics>
<total>
<stat pass="2" fail="0" skip="0">All Tests</stat>
</total>
<tag>
</tag>
<suite>
<stat pass="2" fail="0" skip="0" id="s1" name="Suites">Suites</stat>
<stat pass="2" fail="0" skip="0" id="s1-s1" name="SetupTerdown">Suites.SetupTerdown</stat>
</suite>
</statistics>
<errors>
</errors>
</robot>
