<?xml version="1.0" encoding="UTF-8"?>
<robot generator="Robot 4.0.2 (Python 3.9.1 on win32)" generated="20210530 21:13:46.217" rpa="false" schemaversion="2">
<suite id="s1" name="Suites">
<suite id="s1-s1" name="Tags" source="C:\Users\40006197\PycharmProjects\robot\TestCases\Tags.robot">
<test id="s1-s1-t1" name="TC1 User registration test">
<kw name="Log To Console" library="BuiltIn">
<arg>This is user re test</arg>
<doc>Logs the given message to the console.</doc>
<status status="PASS" starttime="20210530 21:13:46.253" endtime="20210530 21:13:46.254"/>
</kw>
<kw name="Log To Console" library="BuiltIn">
<arg>reg test is over</arg>
<doc>Logs the given message to the console.</doc>
<status status="PASS" starttime="20210530 21:13:46.254" endtime="20210530 21:13:46.254"/>
</kw>
<tag>sanity</tag>
<status status="PASS" starttime="20210530 21:13:46.253" endtime="20210530 21:13:46.254"/>
</test>
<test id="s1-s1-t2" name="TC2">
<kw name="Log To Console" library="BuiltIn">
<arg>this is login test</arg>
<doc>Logs the given message to the console.</doc>
<status status="PASS" starttime="20210530 21:13:46.293" endtime="20210530 21:13:46.293"/>
</kw>
<kw name="Log To Console" library="BuiltIn">
<arg>login test is over</arg>
<doc>Logs the given message to the console.</doc>
<status status="PASS" starttime="20210530 21:13:46.293" endtime="20210530 21:13:46.293"/>
</kw>
<tag>Regression</tag>
<status status="PASS" starttime="20210530 21:13:46.292" endtime="20210530 21:13:46.293"/>
</test>
<test id="s1-s1-t3" name="TC3">
<kw name="Log To Console" library="BuiltIn">
<arg>This is changing user settings test</arg>
<doc>Logs the given message to the console.</doc>
<status status="PASS" starttime="20210530 21:13:46.294" endtime="20210530 21:13:46.294"/>
</kw>
<kw name="Log To Console" library="BuiltIn">
<arg>Chaning user settings test is over</arg>
<doc>Logs the given message to the console.</doc>
<status status="PASS" starttime="20210530 21:13:46.294" endtime="20210530 21:13:46.294"/>
</kw>
<tag>sanity</tag>
<status status="PASS" starttime="20210530 21:13:46.294" endtime="20210530 21:13:46.295"/>
</test>
<test id="s1-s1-t4" name="TC4">
<kw name="Log To Console" library="BuiltIn">
<arg>This is logout test</arg>
<doc>Logs the given message to the console.</doc>
<status status="PASS" starttime="20210530 21:13:46.295" endtime="20210530 21:13:46.295"/>
</kw>
<kw name="Log To Console" library="BuiltIn">
<arg>Logout test is over</arg>
<doc>Logs the given message to the console.</doc>
<status status="PASS" starttime="20210530 21:13:46.295" endtime="20210530 21:13:46.296"/>
</kw>
<tag>Regression</tag>
<tag>sanity</tag>
<status status="PASS" starttime="20210530 21:13:46.295" endtime="20210530 21:13:46.296"/>
</test>
<status status="PASS" starttime="20210530 21:13:46.249" endtime="20210530 21:13:46.296"/>
</suite>
<status status="PASS" starttime="20210530 21:13:46.219" endtime="20210530 21:13:46.297"/>
</suite>
<statistics>
<total>
<stat pass="4" fail="0" skip="0">All Tests</stat>
</total>
<tag>
<stat pass="2" fail="0" skip="0">Regression</stat>
<stat pass="3" fail="0" skip="0">sanity</stat>
</tag>
<suite>
<stat pass="4" fail="0" skip="0" id="s1" name="Suites">Suites</stat>
<stat pass="4" fail="0" skip="0" id="s1-s1" name="Tags">Suites.Tags</stat>
</suite>
</statistics>
<errors>
</errors>
</robot>
