==============================================================================
Suites                                                                        
==============================================================================
Suites.DataDrivenTesting                                                      
==============================================================================
Right user empty pwd                                                  | PASS |
------------------------------------------------------------------------------
Right user wrong pwd                                                  | PASS |
------------------------------------------------------------------------------
Wrong user right pwd                                                  | FAIL |
NoSuchWindowException: Message: no such window: target window already closed
from unknown error: web view not found
  (Session info: chrome=91.0.4472.77)
------------------------------------------------------------------------------
Wrong user empty pwd                                                  | FAIL |
NoSuchWindowException: Message: no such window: target window already closed
from unknown error: web view not found
  (Session info: chrome=91.0.4472.77)
------------------------------------------------------------------------------
Wrong user wrong pwd                                                  | FAIL |
NoSuchWindowException: Message: no such window: target window already closed
from unknown error: web view not found
  (Session info: chrome=91.0.4472.77)
------------------------------------------------------------------------------
Suites.DataDrivenTesting                                              | FAIL |
5 tests, 2 passed, 3 failed
==============================================================================
Suites                                                                | FAIL |
5 tests, 2 passed, 3 failed
==============================================================================
Output:  C:\Users\40006197\PycharmProjects\robot\TestCases\pabot_results\3\output.xml
