<?xml version="1.0" encoding="UTF-8"?>
<robot generator="Robot 4.0.2 (Python 3.9.1 on win32)" generated="20210530 21:12:20.496" rpa="false" schemaversion="2">
<suite id="s1" name="Suites">
<suite id="s1-s1" name="Data Excel" source="C:\Users\40006197\PycharmProjects\robot\TestCases\Data_Excel.robot">
<kw name="Open my browser" library="Testdata" type="SETUP">
<kw name="Open Browser" library="SeleniumLibrary">
<arg>${url}</arg>
<arg>${browser}</arg>
<doc>Opens a new browser instance to the optional ``url``.</doc>
<msg timestamp="20210530 21:12:21.098" level="INFO">Opening browser 'chrome' to base url 'https://admin-demo.nopcommerce.com'.</msg>
<status status="PASS" starttime="20210530 21:12:21.097" endtime="20210530 21:12:33.202"/>
</kw>
<kw name="Maximize Browser Window" library="SeleniumLibrary">
<doc>Maximizes current browser window.</doc>
<status status="PASS" starttime="20210530 21:12:33.202" endtime="20210530 21:12:33.326"/>
</kw>
<status status="PASS" starttime="20210530 21:12:21.097" endtime="20210530 21:12:33.326"/>
</kw>
<test id="s1-s1-t1" name="Logintestwithexcel using admin@yourstore.com and adm">
<kw name="Invalid login">
<arg>admin@yourstore.com</arg>
<arg>adm</arg>
<kw name="Input username" library="Testdata">
<arg>${username}</arg>
<kw name="Input Text" library="SeleniumLibrary">
<arg>id:Email</arg>
<arg>${username}</arg>
<doc>Types the given ``text`` into the text field identified by ``locator``.</doc>
<msg timestamp="20210530 21:12:33.328" level="INFO">Typing text 'admin@yourstore.com' into text field 'id:Email'.</msg>
<status status="PASS" starttime="20210530 21:12:33.328" endtime="20210530 21:12:33.483"/>
</kw>
<status status="PASS" starttime="20210530 21:12:33.327" endtime="20210530 21:12:33.483"/>
</kw>
<kw name="Input password" library="Testdata">
<arg>${password}</arg>
<kw name="Input Text" library="SeleniumLibrary">
<arg>id:Password</arg>
<arg>${password}</arg>
<doc>Types the given ``text`` into the text field identified by ``locator``.</doc>
<msg timestamp="20210530 21:12:33.484" level="INFO">Typing text 'adm' into text field 'id:Password'.</msg>
<status status="PASS" starttime="20210530 21:12:33.483" endtime="20210530 21:12:33.606"/>
</kw>
<status status="PASS" starttime="20210530 21:12:33.483" endtime="20210530 21:12:33.606"/>
</kw>
<kw name="Click login button" library="Testdata">
<kw name="Click Element" library="SeleniumLibrary">
<arg>xpath://button[@type='submit']</arg>
<doc>Click the element identified by ``locator``.</doc>
<msg timestamp="20210530 21:12:33.608" level="INFO">Clicking element 'xpath://button[@type='submit']'.</msg>
<status status="PASS" starttime="20210530 21:12:33.607" endtime="20210530 21:12:35.605"/>
</kw>
<status status="PASS" starttime="20210530 21:12:33.606" endtime="20210530 21:12:35.605"/>
</kw>
<kw name="Error message should be visible" library="Testdata">
<kw name="Page Should Contain" library="SeleniumLibrary">
<arg>Login was unsuccessful</arg>
<doc>Verifies that current page contains ``text``.</doc>
<msg timestamp="20210530 21:12:35.632" level="INFO">Current page contains text 'Login was unsuccessful'.</msg>
<status status="PASS" starttime="20210530 21:12:35.606" endtime="20210530 21:12:35.632"/>
</kw>
<status status="PASS" starttime="20210530 21:12:35.605" endtime="20210530 21:12:35.632"/>
</kw>
<status status="PASS" starttime="20210530 21:12:33.327" endtime="20210530 21:12:35.632"/>
</kw>
<status status="PASS" starttime="20210530 21:12:33.326" endtime="20210530 21:12:35.632"/>
</test>
<test id="s1-s1-t2" name="Logintestwithexcel using adm@yourstore.com and admin">
<kw name="Invalid login">
<arg>adm@yourstore.com</arg>
<arg>admin</arg>
<kw name="Input username" library="Testdata">
<arg>${username}</arg>
<kw name="Input Text" library="SeleniumLibrary">
<arg>id:Email</arg>
<arg>${username}</arg>
<doc>Types the given ``text`` into the text field identified by ``locator``.</doc>
<msg timestamp="20210530 21:12:35.936" level="INFO">Typing text 'adm@yourstore.com' into text field 'id:Email'.</msg>
<status status="PASS" starttime="20210530 21:12:35.935" endtime="20210530 21:12:36.057"/>
</kw>
<status status="PASS" starttime="20210530 21:12:35.933" endtime="20210530 21:12:36.059"/>
</kw>
<kw name="Input password" library="Testdata">
<arg>${password}</arg>
<kw name="Input Text" library="SeleniumLibrary">
<arg>id:Password</arg>
<arg>${password}</arg>
<doc>Types the given ``text`` into the text field identified by ``locator``.</doc>
<msg timestamp="20210530 21:12:36.062" level="INFO">Typing text 'admin' into text field 'id:Password'.</msg>
<status status="PASS" starttime="20210530 21:12:36.062" endtime="20210530 21:12:36.200"/>
</kw>
<status status="PASS" starttime="20210530 21:12:36.060" endtime="20210530 21:12:36.200"/>
</kw>
<kw name="Click login button" library="Testdata">
<kw name="Click Element" library="SeleniumLibrary">
<arg>xpath://button[@type='submit']</arg>
<doc>Click the element identified by ``locator``.</doc>
<msg timestamp="20210530 21:12:36.201" level="INFO">Clicking element 'xpath://button[@type='submit']'.</msg>
<status status="PASS" starttime="20210530 21:12:36.201" endtime="20210530 21:12:38.147"/>
</kw>
<status status="PASS" starttime="20210530 21:12:36.200" endtime="20210530 21:12:38.148"/>
</kw>
<kw name="Error message should be visible" library="Testdata">
<kw name="Page Should Contain" library="SeleniumLibrary">
<arg>Login was unsuccessful</arg>
<doc>Verifies that current page contains ``text``.</doc>
<msg timestamp="20210530 21:12:38.162" level="INFO">Current page contains text 'Login was unsuccessful'.</msg>
<status status="PASS" starttime="20210530 21:12:38.148" endtime="20210530 21:12:38.163"/>
</kw>
<status status="PASS" starttime="20210530 21:12:38.148" endtime="20210530 21:12:38.163"/>
</kw>
<status status="PASS" starttime="20210530 21:12:35.932" endtime="20210530 21:12:38.163"/>
</kw>
<status status="PASS" starttime="20210530 21:12:35.633" endtime="20210530 21:12:38.163"/>
</test>
<test id="s1-s1-t3" name="Logintestwithexcel using adm@yourstore.com and adm">
<kw name="Invalid login">
<arg>adm@yourstore.com</arg>
<arg>adm</arg>
<kw name="Input username" library="Testdata">
<arg>${username}</arg>
<kw name="Input Text" library="SeleniumLibrary">
<arg>id:Email</arg>
<arg>${username}</arg>
<doc>Types the given ``text`` into the text field identified by ``locator``.</doc>
<msg timestamp="20210530 21:12:38.165" level="INFO">Typing text 'adm@yourstore.com' into text field 'id:Email'.</msg>
<status status="PASS" starttime="20210530 21:12:38.165" endtime="20210530 21:12:38.268"/>
</kw>
<status status="PASS" starttime="20210530 21:12:38.164" endtime="20210530 21:12:38.269"/>
</kw>
<kw name="Input password" library="Testdata">
<arg>${password}</arg>
<kw name="Input Text" library="SeleniumLibrary">
<arg>id:Password</arg>
<arg>${password}</arg>
<doc>Types the given ``text`` into the text field identified by ``locator``.</doc>
<msg timestamp="20210530 21:12:38.270" level="INFO">Typing text 'adm' into text field 'id:Password'.</msg>
<status status="PASS" starttime="20210530 21:12:38.269" endtime="20210530 21:12:38.383"/>
</kw>
<status status="PASS" starttime="20210530 21:12:38.269" endtime="20210530 21:12:38.383"/>
</kw>
<kw name="Click login button" library="Testdata">
<kw name="Click Element" library="SeleniumLibrary">
<arg>xpath://button[@type='submit']</arg>
<doc>Click the element identified by ``locator``.</doc>
<msg timestamp="20210530 21:12:38.384" level="INFO">Clicking element 'xpath://button[@type='submit']'.</msg>
<status status="PASS" starttime="20210530 21:12:38.384" endtime="20210530 21:12:39.346"/>
</kw>
<status status="PASS" starttime="20210530 21:12:38.383" endtime="20210530 21:12:39.346"/>
</kw>
<kw name="Error message should be visible" library="Testdata">
<kw name="Page Should Contain" library="SeleniumLibrary">
<arg>Login was unsuccessful</arg>
<doc>Verifies that current page contains ``text``.</doc>
<msg timestamp="20210530 21:12:39.362" level="INFO">Current page contains text 'Login was unsuccessful'.</msg>
<status status="PASS" starttime="20210530 21:12:39.347" endtime="20210530 21:12:39.393"/>
</kw>
<status status="PASS" starttime="20210530 21:12:39.346" endtime="20210530 21:12:39.393"/>
</kw>
<status status="PASS" starttime="20210530 21:12:38.164" endtime="20210530 21:12:39.393"/>
</kw>
<status status="PASS" starttime="20210530 21:12:38.163" endtime="20210530 21:12:39.394"/>
</test>
<kw name="Close my browser" library="Testdata" type="TEARDOWN">
<kw name="Close All Browsers" library="SeleniumLibrary">
<doc>Closes all open browsers and resets the browser cache.</doc>
<status status="PASS" starttime="20210530 21:12:39.396" endtime="20210530 21:12:42.082"/>
</kw>
<status status="PASS" starttime="20210530 21:12:39.395" endtime="20210530 21:12:42.082"/>
</kw>
<status status="PASS" starttime="20210530 21:12:20.793" endtime="20210530 21:12:42.082"/>
</suite>
<status status="PASS" starttime="20210530 21:12:20.562" endtime="20210530 21:12:42.084"/>
</suite>
<statistics>
<total>
<stat pass="3" fail="0" skip="0">All Tests</stat>
</total>
<tag>
</tag>
<suite>
<stat pass="3" fail="0" skip="0" id="s1" name="Suites">Suites</stat>
<stat pass="3" fail="0" skip="0" id="s1-s1" name="Data Excel">Suites.Data Excel</stat>
</suite>
</statistics>
<errors>
</errors>
</robot>
