<?xml version="1.0" encoding="UTF-8"?>
<robot generator="Robot 4.0.2 (Python 3.9.1 on win32)" generated="20210530 21:12:55.036" rpa="false" schemaversion="2">
<suite id="s1" name="Suites">
<suite id="s1-s1" name="GetAllLinks" source="C:\Users\40006197\PycharmProjects\robot\TestCases\GetAllLinks.robot">
<test id="s1-s1-t1" name="Get Links">
<kw name="Open Browser" library="SeleniumLibrary">
<arg>http://demo.guru99.com/test/newtours/index.php</arg>
<arg>chrome</arg>
<doc>Opens a new browser instance to the optional ``url``.</doc>
<msg timestamp="20210530 21:12:55.344" level="INFO">Opening browser 'chrome' to base url 'http://demo.guru99.com/test/newtours/index.php'.</msg>
<kw name="Capture Page Screenshot" library="SeleniumLibrary">
<doc>Takes a screenshot of the current page and embeds it into a log file.</doc>
<msg timestamp="20210530 21:13:01.551" level="FAIL">WebDriverException: Message: chrome not reachable
  (Session info: chrome=91.0.4472.77)
</msg>
<status status="FAIL" starttime="20210530 21:12:59.514" endtime="20210530 21:13:01.552"/>
</kw>
<msg timestamp="20210530 21:13:01.552" level="WARN">Keyword 'Capture Page Screenshot' could not be run on failure: WebDriverException: Message: chrome not reachable
  (Session info: chrome=91.0.4472.77)
</msg>
<msg timestamp="20210530 21:13:01.555" level="FAIL">WebDriverException: Message: unknown error: cannot determine loading status
from disconnected: received Inspector.detached event
  (Session info: chrome=91.0.4472.77)
</msg>
<status status="FAIL" starttime="20210530 21:12:55.344" endtime="20210530 21:13:01.555"/>
</kw>
<kw name="Maximize Browser Window" library="SeleniumLibrary">
<doc>Maximizes current browser window.</doc>
<status status="NOT RUN" starttime="20210530 21:13:01.556" endtime="20210530 21:13:01.556"/>
</kw>
<kw name="Get Element Count" library="SeleniumLibrary">
<var>${link_count}</var>
<arg>xpath://a</arg>
<doc>Returns the number of elements matching ``locator``.</doc>
<status status="NOT RUN" starttime="20210530 21:13:01.556" endtime="20210530 21:13:01.556"/>
</kw>
<kw name="Log To Console" library="BuiltIn">
<arg>${link_count}</arg>
<doc>Logs the given message to the console.</doc>
<status status="NOT RUN" starttime="20210530 21:13:01.556" endtime="20210530 21:13:01.556"/>
</kw>
<for flavor="IN RANGE">
<var>${i}</var>
<value>1</value>
<value>${link_count}</value>
<iter>
<var name="${i}">${i}</var>
<kw name="Get Text" library="SeleniumLibrary">
<var>${link}</var>
<arg>xpath:(//a)[${i}]</arg>
<doc>Returns the text value of the element identified by ``locator``.</doc>
<status status="NOT RUN" starttime="20210530 21:13:01.557" endtime="20210530 21:13:01.557"/>
</kw>
<kw name="Log To Console" library="BuiltIn">
<arg>${link}</arg>
<doc>Logs the given message to the console.</doc>
<status status="NOT RUN" starttime="20210530 21:13:01.557" endtime="20210530 21:13:01.557"/>
</kw>
<status status="NOT RUN" starttime="20210530 21:13:01.557" endtime="20210530 21:13:01.557"/>
</iter>
<status status="NOT RUN" starttime="20210530 21:13:01.556" endtime="20210530 21:13:01.557"/>
</for>
<status status="FAIL" starttime="20210530 21:12:55.343" endtime="20210530 21:13:01.558">WebDriverException: Message: unknown error: cannot determine loading status
from disconnected: received Inspector.detached event
  (Session info: chrome=91.0.4472.77)
</status>
</test>
<status status="FAIL" starttime="20210530 21:12:55.072" endtime="20210530 21:13:01.564"/>
</suite>
<status status="FAIL" starttime="20210530 21:12:55.038" endtime="20210530 21:13:01.567"/>
</suite>
<statistics>
<total>
<stat pass="0" fail="1" skip="0">All Tests</stat>
</total>
<tag>
</tag>
<suite>
<stat pass="0" fail="1" skip="0" id="s1" name="Suites">Suites</stat>
<stat pass="0" fail="1" skip="0" id="s1-s1" name="GetAllLinks">Suites.GetAllLinks</stat>
</suite>
</statistics>
<errors>
<msg timestamp="20210530 21:13:01.552" level="WARN">Keyword 'Capture Page Screenshot' could not be run on failure: WebDriverException: Message: chrome not reachable
  (Session info: chrome=91.0.4472.77)
</msg>
</errors>
</robot>
