<?xml version="1.0" encoding="UTF-8"?>
<robot generator="Robot 4.0.2 (Python 3.9.1 on win32)" generated="20210530 21:13:26.615" rpa="false" schemaversion="2">
<suite id="s1" name="Suites">
<suite id="s1-s1" name="Table" source="C:\Users\40006197\PycharmProjects\robot\TestCases\Table.robot">
<test id="s1-s1-t1" name="Table validation">
<kw name="Open Browser" library="SeleniumLibrary">
<arg>http://testautomationpractice.blogspot.com/</arg>
<arg>chrome</arg>
<doc>Opens a new browser instance to the optional ``url``.</doc>
<msg timestamp="20210530 21:13:26.946" level="INFO">Opening browser 'chrome' to base url 'http://testautomationpractice.blogspot.com/'.</msg>
<status status="PASS" starttime="20210530 21:13:26.945" endtime="20210530 21:13:45.904"/>
</kw>
<kw name="Maximize Browser Window" library="SeleniumLibrary">
<doc>Maximizes current browser window.</doc>
<status status="PASS" starttime="20210530 21:13:45.904" endtime="20210530 21:13:46.032"/>
</kw>
<kw name="Get Element Count" library="SeleniumLibrary">
<var>${row}</var>
<arg>xpath://table[@name='BookTable']//tr</arg>
<doc>Returns the number of elements matching ``locator``.</doc>
<msg timestamp="20210530 21:13:46.055" level="INFO">${row} = 7</msg>
<status status="PASS" starttime="20210530 21:13:46.032" endtime="20210530 21:13:46.055"/>
</kw>
<kw name="Get Element Count" library="SeleniumLibrary">
<var>${col}</var>
<arg>xpath://table[@name='BookTable']//th</arg>
<doc>Returns the number of elements matching ``locator``.</doc>
<msg timestamp="20210530 21:13:46.070" level="INFO">${col} = 4</msg>
<status status="PASS" starttime="20210530 21:13:46.055" endtime="20210530 21:13:46.070"/>
</kw>
<kw name="Log To Console" library="BuiltIn">
<arg>${row}</arg>
<doc>Logs the given message to the console.</doc>
<status status="PASS" starttime="20210530 21:13:46.070" endtime="20210530 21:13:46.071"/>
</kw>
<kw name="Log To Console" library="BuiltIn">
<arg>${col}</arg>
<doc>Logs the given message to the console.</doc>
<status status="PASS" starttime="20210530 21:13:46.071" endtime="20210530 21:13:46.071"/>
</kw>
<kw name="Get Text" library="SeleniumLibrary">
<var>${value}</var>
<arg>xpath://table[@name='BookTable']//tr[2]//td[1]</arg>
<doc>Returns the text value of the element identified by ``locator``.</doc>
<msg timestamp="20210530 21:13:46.108" level="INFO">${value} = Learn Selenium</msg>
<status status="PASS" starttime="20210530 21:13:46.071" endtime="20210530 21:13:46.108"/>
</kw>
<kw name="Log To Console" library="BuiltIn">
<arg>${value}</arg>
<doc>Logs the given message to the console.</doc>
<status status="PASS" starttime="20210530 21:13:46.108" endtime="20210530 21:13:46.108"/>
</kw>
<kw name="Table Column Should Contain" library="SeleniumLibrary">
<arg>xpath://table[@name='BookTable']</arg>
<arg>2</arg>
<arg>Author</arg>
<doc>Verifies table column contains text ``expected``.</doc>
<status status="PASS" starttime="20210530 21:13:46.109" endtime="20210530 21:13:46.182"/>
</kw>
<kw name="Table Row Should Contain" library="SeleniumLibrary">
<arg>xpath://table[@name='BookTable']</arg>
<arg>4</arg>
<arg>Learn JS</arg>
<doc>Verifies that table row contains text ``expected``.</doc>
<status status="PASS" starttime="20210530 21:13:46.182" endtime="20210530 21:13:46.253"/>
</kw>
<kw name="Table Cell Should Contain" library="SeleniumLibrary">
<arg>xpath://table[@name='BookTable']</arg>
<arg>5</arg>
<arg>2</arg>
<arg>Mukesh</arg>
<doc>Verifies table cell contains text ``expected``.</doc>
<msg timestamp="20210530 21:13:46.316" level="INFO">Table cell contains 'Mukesh'.</msg>
<status status="PASS" starttime="20210530 21:13:46.254" endtime="20210530 21:13:46.316"/>
</kw>
<kw name="Table Header Should Contain" library="SeleniumLibrary">
<arg>xpath://table[@name='BookTable']</arg>
<arg>BookName</arg>
<doc>Verifies table header contains text ``expected``.</doc>
<status status="PASS" starttime="20210530 21:13:46.316" endtime="20210530 21:13:46.354"/>
</kw>
<status status="PASS" starttime="20210530 21:13:26.945" endtime="20210530 21:13:46.354"/>
</test>
<status status="PASS" starttime="20210530 21:13:26.646" endtime="20210530 21:13:46.355"/>
</suite>
<status status="PASS" starttime="20210530 21:13:26.618" endtime="20210530 21:13:46.384"/>
</suite>
<statistics>
<total>
<stat pass="1" fail="0" skip="0">All Tests</stat>
</total>
<tag>
</tag>
<suite>
<stat pass="1" fail="0" skip="0" id="s1" name="Suites">Suites</stat>
<stat pass="1" fail="0" skip="0" id="s1-s1" name="Table">Suites.Table</stat>
</suite>
</statistics>
<errors>
</errors>
</robot>
