<?xml version="1.0" encoding="UTF-8"?>
<robot generator="Robot 4.0.2 (Python 3.9.1 on win32)" generated="20210530 21:13:19.925" rpa="false" schemaversion="2">
<suite id="s1" name="Suites">
<suite id="s1-s1" name="TC1" source="C:\Users\40006197\PycharmProjects\robot\TestCases\TC1.robot">
<test id="s1-s1-t1" name="LoginTest1">
<kw name="Open Browser" library="SeleniumLibrary">
<arg>${url}</arg>
<arg>${browser}</arg>
<doc>Opens a new browser instance to the optional ``url``.</doc>
<msg timestamp="20210530 21:13:20.278" level="INFO">Opening browser 'chrome' to base url 'https://demo.nopcommerce.com/'.</msg>
<kw name="Capture Page Screenshot" library="SeleniumLibrary">
<doc>Takes a screenshot of the current page and embeds it into a log file.</doc>
<msg timestamp="20210530 21:13:28.796" level="FAIL">WebDriverException: Message: chrome not reachable
  (Session info: chrome=91.0.4472.77)
</msg>
<status status="FAIL" starttime="20210530 21:13:26.758" endtime="20210530 21:13:28.796"/>
</kw>
<msg timestamp="20210530 21:13:28.796" level="WARN">Keyword 'Capture Page Screenshot' could not be run on failure: WebDriverException: Message: chrome not reachable
  (Session info: chrome=91.0.4472.77)
</msg>
<msg timestamp="20210530 21:13:28.826" level="FAIL">WebDriverException: Message: unknown error: cannot determine loading status
from disconnected: received Inspector.detached event
  (Session info: chrome=91.0.4472.77)
</msg>
<status status="FAIL" starttime="20210530 21:13:20.277" endtime="20210530 21:13:28.826"/>
</kw>
<kw name="Click Link" library="SeleniumLibrary">
<arg>xpath://a[@class='ico-login']</arg>
<doc>Clicks a link identified by ``locator``.</doc>
<status status="NOT RUN" starttime="20210530 21:13:28.826" endtime="20210530 21:13:28.826"/>
</kw>
<kw name="Input Text" library="SeleniumLibrary">
<arg>id:Email</arg>
<arg>pavanLtraining@gmail.com</arg>
<doc>Types the given ``text`` into the text field identified by ``locator``.</doc>
<status status="NOT RUN" starttime="20210530 21:13:28.827" endtime="20210530 21:13:28.827"/>
</kw>
<kw name="Input Text" library="SeleniumLibrary">
<arg>id:Password</arg>
<arg>Test@123</arg>
<doc>Types the given ``text`` into the text field identified by ``locator``.</doc>
<status status="NOT RUN" starttime="20210530 21:13:28.827" endtime="20210530 21:13:28.827"/>
</kw>
<kw name="Click Element" library="SeleniumLibrary">
<arg>xpath://button[@class='button-1 login-button']</arg>
<doc>Click the element identified by ``locator``.</doc>
<status status="NOT RUN" starttime="20210530 21:13:28.827" endtime="20210530 21:13:28.827"/>
</kw>
<kw name="Close Browser" library="SeleniumLibrary">
<doc>Closes the current browser.</doc>
<status status="NOT RUN" starttime="20210530 21:13:28.827" endtime="20210530 21:13:28.827"/>
</kw>
<status status="FAIL" starttime="20210530 21:13:20.276" endtime="20210530 21:13:28.828">WebDriverException: Message: unknown error: cannot determine loading status
from disconnected: received Inspector.detached event
  (Session info: chrome=91.0.4472.77)
</status>
</test>
<test id="s1-s1-t2" name="LoginTest2">
<kw name="Open Browser" library="SeleniumLibrary">
<arg>https://demo.nopcommerce.com/</arg>
<arg>${browser}</arg>
<doc>Opens a new browser instance to the optional ``url``.</doc>
<msg timestamp="20210530 21:13:28.925" level="INFO">Opening browser 'chrome' to base url 'https://demo.nopcommerce.com/'.</msg>
<status status="PASS" starttime="20210530 21:13:28.924" endtime="20210530 21:13:40.315"/>
</kw>
<kw name="loginToApplication">
<kw name="Click Link" library="SeleniumLibrary">
<arg>xpath://a[@class='ico-login']</arg>
<doc>Clicks a link identified by ``locator``.</doc>
<msg timestamp="20210530 21:13:40.317" level="INFO">Clicking link 'xpath://a[@class='ico-login']'.</msg>
<status status="PASS" starttime="20210530 21:13:40.316" endtime="20210530 21:13:41.515"/>
</kw>
<kw name="Input Text" library="SeleniumLibrary">
<arg>id:Email</arg>
<arg>pavanLtraining@gmail.com</arg>
<doc>Types the given ``text`` into the text field identified by ``locator``.</doc>
<msg timestamp="20210530 21:13:41.516" level="INFO">Typing text 'pavanLtraining@gmail.com' into text field 'id:Email'.</msg>
<status status="PASS" starttime="20210530 21:13:41.516" endtime="20210530 21:13:41.615"/>
</kw>
<kw name="Input Text" library="SeleniumLibrary">
<arg>id:Password</arg>
<arg>Test@123</arg>
<doc>Types the given ``text`` into the text field identified by ``locator``.</doc>
<msg timestamp="20210530 21:13:41.616" level="INFO">Typing text 'Test@123' into text field 'id:Password'.</msg>
<status status="PASS" starttime="20210530 21:13:41.616" endtime="20210530 21:13:41.716"/>
</kw>
<kw name="Click Element" library="SeleniumLibrary">
<arg>xpath://button[@class='button-1 login-button']</arg>
<doc>Click the element identified by ``locator``.</doc>
<msg timestamp="20210530 21:13:41.717" level="INFO">Clicking element 'xpath://button[@class='button-1 login-button']'.</msg>
<status status="PASS" starttime="20210530 21:13:41.716" endtime="20210530 21:13:41.789"/>
</kw>
<status status="PASS" starttime="20210530 21:13:40.315" endtime="20210530 21:13:41.789"/>
</kw>
<kw name="Close Browser" library="SeleniumLibrary">
<doc>Closes the current browser.</doc>
<status status="PASS" starttime="20210530 21:13:41.789" endtime="20210530 21:13:45.379"/>
</kw>
<status status="PASS" starttime="20210530 21:13:28.923" endtime="20210530 21:13:45.379"/>
</test>
<status status="FAIL" starttime="20210530 21:13:19.968" endtime="20210530 21:13:45.380"/>
</suite>
<status status="FAIL" starttime="20210530 21:13:19.928" endtime="20210530 21:13:45.381"/>
</suite>
<statistics>
<total>
<stat pass="1" fail="1" skip="0">All Tests</stat>
</total>
<tag>
</tag>
<suite>
<stat pass="1" fail="1" skip="0" id="s1" name="Suites">Suites</stat>
<stat pass="1" fail="1" skip="0" id="s1-s1" name="TC1">Suites.TC1</stat>
</suite>
</statistics>
<errors>
<msg timestamp="20210530 21:13:28.796" level="WARN">Keyword 'Capture Page Screenshot' could not be run on failure: WebDriverException: Message: chrome not reachable
  (Session info: chrome=91.0.4472.77)
</msg>
</errors>
</robot>
