<?xml version="1.0" encoding="UTF-8"?>
<robot generator="Robot 4.0.2 (Python 3.9.1 on win32)" generated="20210530 21:12:07.150" rpa="false" schemaversion="2">
<suite id="s1" name="Suites">
<suite id="s1-s1" name="Capturescreenshot" source="C:\Users\40006197\PycharmProjects\robot\TestCases\Capturescreenshot.robot">
<test id="s1-s1-t1" name="TC!">
<kw name="Open Browser" library="SeleniumLibrary">
<arg>https://opensource-demo.orangehrmlive.com/</arg>
<arg>chrome</arg>
<doc>Opens a new browser instance to the optional ``url``.</doc>
<msg timestamp="20210530 21:12:07.416" level="INFO">Opening browser 'chrome' to base url 'https://opensource-demo.orangehrmlive.com/'.</msg>
<status status="PASS" starttime="20210530 21:12:07.416" endtime="20210530 21:12:18.104"/>
</kw>
<kw name="Maximize Browser Window" library="SeleniumLibrary">
<doc>Maximizes current browser window.</doc>
<status status="PASS" starttime="20210530 21:12:18.105" endtime="20210530 21:12:18.401"/>
</kw>
<kw name="Input Text" library="SeleniumLibrary">
<arg>id:txtUsername</arg>
<arg>Admin</arg>
<doc>Types the given ``text`` into the text field identified by ``locator``.</doc>
<msg timestamp="20210530 21:12:18.402" level="INFO">Typing text 'Admin' into text field 'id:txtUsername'.</msg>
<status status="PASS" starttime="20210530 21:12:18.401" endtime="20210530 21:12:18.535"/>
</kw>
<kw name="Input Text" library="SeleniumLibrary">
<arg>id:txtPassword</arg>
<arg>admin123</arg>
<doc>Types the given ``text`` into the text field identified by ``locator``.</doc>
<msg timestamp="20210530 21:12:18.536" level="INFO">Typing text 'admin123' into text field 'id:txtPassword'.</msg>
<status status="PASS" starttime="20210530 21:12:18.535" endtime="20210530 21:12:18.647"/>
</kw>
<kw name="Capture Element Screenshot" library="SeleniumLibrary">
<arg>xpath://*[@id="divLogo"]/img</arg>
<arg>C:/Users/40006197/PycharmProjects/robot/TestCases/logo.png</arg>
<doc>Captures a screenshot from the element identified by ``locator`` and embeds it into log file.</doc>
<msg timestamp="20210530 21:12:18.824" level="INFO" html="true">&lt;/td&gt;&lt;/tr&gt;&lt;tr&gt;&lt;td colspan="3"&gt;&lt;a href="../../logo.png"&gt;&lt;img src="../../logo.png" width="400px"&gt;&lt;/a&gt;</msg>
<status status="PASS" starttime="20210530 21:12:18.647" endtime="20210530 21:12:18.824"/>
</kw>
<kw name="Capture Page Screenshot" library="SeleniumLibrary">
<arg>C:/Users/40006197/PycharmProjects/robot/TestCases/fullpage.png</arg>
<doc>Takes a screenshot of the current page and embeds it into a log file.</doc>
<msg timestamp="20210530 21:12:19.012" level="INFO" html="true">&lt;/td&gt;&lt;/tr&gt;&lt;tr&gt;&lt;td colspan="3"&gt;&lt;a href="../../fullpage.png"&gt;&lt;img src="../../fullpage.png" width="800px"&gt;&lt;/a&gt;</msg>
<status status="PASS" starttime="20210530 21:12:18.824" endtime="20210530 21:12:19.012"/>
</kw>
<status status="PASS" starttime="20210530 21:12:07.415" endtime="20210530 21:12:19.012"/>
</test>
<status status="PASS" starttime="20210530 21:12:07.181" endtime="20210530 21:12:19.014"/>
</suite>
<status status="PASS" starttime="20210530 21:12:07.152" endtime="20210530 21:12:19.017"/>
</suite>
<statistics>
<total>
<stat pass="1" fail="0" skip="0">All Tests</stat>
</total>
<tag>
</tag>
<suite>
<stat pass="1" fail="0" skip="0" id="s1" name="Suites">Suites</stat>
<stat pass="1" fail="0" skip="0" id="s1-s1" name="Capturescreenshot">Suites.Capturescreenshot</stat>
</suite>
</statistics>
<errors>
</errors>
</robot>
